<?xml version="1.0" encoding="utf-8"?><testsuites name="pytest tests"><testsuite name="pytest" errors="0" failures="0" skipped="2" tests="3" time="3.564" timestamp="2026-09-05T20:09:36.085675-05:00" hostname="Juanher01"><testcase classname="test_tc_m09_g28.TestTC61Persistencia" name="test_20_registro_sigue_en_bd_tras_nueva_sesion" time="0.001"><skipped type="pytest.skip" message="BLOCKED: falta G28_DB_PASSWORD; PostgreSQL read-only no disponible">C:\Users\yoloh\OneDrive\Escritorio\pruebas\SGPMP-FRONT-END-PWA\testing\test_testing\Modulo9\RF-17\TC-M09-G28\test_tc_m09_g28.py:237: BLOCKED: falta G28_DB_PASSWORD; PostgreSQL read-only no disponible</skipped></testcase><testcase classname="test_tc_m09_g28.TestTC61Persistencia" name="test_21_valores_identicos_tras_nueva_sesion" time="0.000"><skipped type="pytest.skip" message="BLOCKED: falta G28_DB_PASSWORD; PostgreSQL read-only no disponible">C:\Users\yoloh\OneDrive\Escritorio\pruebas\SGPMP-FRONT-END-PWA\testing\test_testing\Modulo9\RF-17\TC-M09-G28\test_tc_m09_g28.py:250: BLOCKED: falta G28_DB_PASSWORD; PostgreSQL read-only no disponible</skipped></testcase><testcase classname="test_tc_m09_g28.TestTC61Persistencia" name="test_22_api_devuelve_los_mismos_valores" time="3.440" /></testsuite></testsuites>