============================= test session starts =============================
platform win32 -- Python 3.13.13, pytest-9.0.3, pluggy-1.6.0 -- C:\Users\yoloh\OneDrive\Escritorio\pruebas\sgpmp-backend\.venv\Scripts\python.exe
cachedir: .pytest_cache
metadata: {'Python': '3.13.13', 'Platform': 'Windows-11-10.0.26200-SP0', 'Packages': {'pytest': '9.0.3', 'pluggy': '1.6.0'}, 'Plugins': {'anyio': '4.13.0', 'cov': '7.1.0', 'html': '4.2.0', 'metadata': '3.1.1'}, 'JAVA_HOME': 'C:\\Program Files\\Java\\jdk-22'}
rootdir: C:\Users\yoloh\OneDrive\Escritorio\pruebas\SGPMP-FRONT-END-PWA\testing\test_testing\Modulo9\RF-17\TC-M09-G28
configfile: pytest.ini
testpaths: .
plugins: anyio-4.13.0, cov-7.1.0, html-4.2.0, metadata-3.1.1
collecting ... collected 16 items / 13 deselected / 3 selected

test_tc_m09_g28.py::TestTC61Persistencia::test_20_registro_sigue_en_bd_tras_nueva_sesion SKIPPED [ 33%]
test_tc_m09_g28.py::TestTC61Persistencia::test_21_valores_identicos_tras_nueva_sesion SKIPPED [ 66%]
test_tc_m09_g28.py::TestTC61Persistencia::test_22_api_devuelve_los_mismos_valores PASSED [100%]

- generated xml file: C:\Users\yoloh\OneDrive\Escritorio\pruebas\SGPMP-FRONT-END-PWA\testing\test_testing\Modulo9\RF-17\TC-M09-G28\RESULTADOS\run-20260906\pytest-TC-M09-61-persistencia.xml -
=========================== short test summary info ===========================
SKIPPED [1] test_tc_m09_g28.py:237: BLOCKED: falta G28_DB_PASSWORD; PostgreSQL read-only no disponible
SKIPPED [1] test_tc_m09_g28.py:250: BLOCKED: falta G28_DB_PASSWORD; PostgreSQL read-only no disponible
================= 1 passed, 2 skipped, 13 deselected in 3.57s =================
